<?xml version="1.0" encoding="UTF-8"?>
<coverage generated="1728092047723" clover="3.2.0">
  <project timestamp="1728092047723" name="All files">
    <metrics statements="31" coveredstatements="26" conditionals="15" coveredconditionals="6" methods="7" coveredmethods="6" elements="53" coveredelements="38" complexity="0" loc="31" ncloc="31" packages="1" files="1" classes="1"/>
    <file name="css-vars-design-token.tsx" path="/Users/joey/projects/css-vars-design-token/css-vars-design-token.tsx">
      <metrics statements="31" coveredstatements="26" conditionals="15" coveredconditionals="6" methods="7" coveredmethods="6"/>
      <line num="1" count="1" type="stmt"/>
      <line num="14" count="1" type="stmt"/>
      <line num="16" count="1" type="stmt"/>
      <line num="17" count="3" type="stmt"/>
      <line num="18" count="3" type="cond" truecount="0" falsecount="1"/>
      <line num="19" count="0" type="stmt"/>
      <line num="21" count="3" type="stmt"/>
      <line num="24" count="1" type="stmt"/>
      <line num="25" count="2" type="stmt"/>
      <line num="26" count="2" type="cond" truecount="0" falsecount="1"/>
      <line num="27" count="0" type="stmt"/>
      <line num="29" count="2" type="stmt"/>
      <line num="31" count="1" type="cond" truecount="1" falsecount="1"/>
      <line num="32" count="0" type="stmt"/>
      <line num="35" count="0" type="cond" truecount="0" falsecount="2"/>
      <line num="37" count="1" type="stmt"/>
      <line num="42" count="2" type="stmt"/>
      <line num="43" count="0" type="cond" truecount="0" falsecount="2"/>
      <line num="45" count="2" type="stmt"/>
      <line num="48" count="1" type="stmt"/>
      <line num="57" count="3" type="stmt"/>
      <line num="59" count="3" type="cond" truecount="1" falsecount="1"/>
      <line num="60" count="3" type="stmt"/>
      <line num="61" count="3" type="stmt"/>
      <line num="77" count="1" type="stmt"/>
      <line num="81" count="10" type="stmt"/>
      <line num="83" count="15" type="cond" truecount="1" falsecount="1"/>
      <line num="84" count="15" type="cond" truecount="2" falsecount="0"/>
      <line num="85" count="6" type="stmt"/>
      <line num="87" count="9" type="stmt"/>
      <line num="89" count="15" type="stmt"/>
    </file>
  </project>
</coverage>
