<?xml version="1.0" encoding="UTF-8"?>
<coverage generated="1728059488454" clover="3.2.0">
  <project timestamp="1728059488454" name="All files">
    <metrics statements="29" coveredstatements="25" conditionals="13" coveredconditionals="6" methods="6" coveredmethods="6" elements="48" coveredelements="37" complexity="0" loc="29" ncloc="29" packages="1" files="1" classes="1"/>
    <file name="CssVars.tsx" path="/home/joey/opt/css-vars/src/CssVars.tsx">
      <metrics statements="29" coveredstatements="25" conditionals="13" coveredconditionals="6" methods="6" coveredmethods="6"/>
      <line num="1" count="1" type="stmt"/>
      <line num="14" count="1" type="stmt"/>
      <line num="16" count="1" type="stmt"/>
      <line num="17" count="3" type="stmt"/>
      <line num="18" count="3" type="cond" truecount="0" falsecount="1"/>
      <line num="19" count="0" type="stmt"/>
      <line num="21" count="3" type="stmt"/>
      <line num="24" count="1" type="stmt"/>
      <line num="25" count="2" type="stmt"/>
      <line num="26" count="2" type="cond" truecount="0" falsecount="1"/>
      <line num="27" count="0" type="stmt"/>
      <line num="29" count="2" type="stmt"/>
      <line num="31" count="1" type="cond" truecount="1" falsecount="1"/>
      <line num="32" count="0" type="stmt"/>
      <line num="35" count="0" type="cond" truecount="0" falsecount="2"/>
      <line num="37" count="1" type="stmt"/>
      <line num="42" count="2" type="stmt"/>
      <line num="45" count="1" type="stmt"/>
      <line num="54" count="3" type="stmt"/>
      <line num="56" count="3" type="cond" truecount="1" falsecount="1"/>
      <line num="57" count="3" type="stmt"/>
      <line num="58" count="3" type="stmt"/>
      <line num="74" count="1" type="stmt"/>
      <line num="78" count="10" type="stmt"/>
      <line num="80" count="15" type="cond" truecount="1" falsecount="1"/>
      <line num="81" count="15" type="cond" truecount="2" falsecount="0"/>
      <line num="82" count="6" type="stmt"/>
      <line num="84" count="9" type="stmt"/>
      <line num="86" count="15" type="stmt"/>
    </file>
  </project>
</coverage>
