{"/Users/joey/projects/css-vars-design-token/css-vars-design-token.tsx": {"path":"/Users/joey/projects/css-vars-design-token/css-vars-design-token.tsx","statementMap":{"0":{"start":{"line":77,"column":0},"end":{"line":77,"column":16}},"1":{"start":{"line":1,"column":0},"end":{"line":1,"column":31}},"2":{"start":{"line":14,"column":23},"end":{"line":14,"column":68}},"3":{"start":{"line":16,"column":30},"end":{"line":22,"column":1}},"4":{"start":{"line":17,"column":18},"end":{"line":17,"column":50}},"5":{"start":{"line":18,"column":2},"end":{"line":20,"column":3}},"6":{"start":{"line":19,"column":4},"end":{"line":19,"column":76}},"7":{"start":{"line":21,"column":2},"end":{"line":21,"column":32}},"8":{"start":{"line":16,"column":13},"end":{"line":16,"column":30}},"9":{"start":{"line":24,"column":27},"end":{"line":46,"column":1}},"10":{"start":{"line":25,"column":18},"end":{"line":25,"column":50}},"11":{"start":{"line":26,"column":2},"end":{"line":28,"column":3}},"12":{"start":{"line":27,"column":4},"end":{"line":27,"column":73}},"13":{"start":{"line":29,"column":19},"end":{"line":40,"column":null}},"14":{"start":{"line":31,"column":6},"end":{"line":38,"column":7}},"15":{"start":{"line":32,"column":28},"end":{"line":34,"column":17}},"16":{"start":{"line":35,"column":8},"end":{"line":35,"column":57}},"17":{"start":{"line":37,"column":8},"end":{"line":37,"column":32}},"18":{"start":{"line":42,"column":17},"end":{"line":44,"column":31}},"19":{"start":{"line":43,"column":4},"end":{"line":43,"column":58}},"20":{"start":{"line":45,"column":2},"end":{"line":45,"column":52}},"21":{"start":{"line":24,"column":13},"end":{"line":24,"column":27}},"22":{"start":{"line":48,"column":31},"end":{"line":75,"column":1}},"23":{"start":{"line":57,"column":28},"end":{"line":57,"column":75}},"24":{"start":{"line":59,"column":4},"end":{"line":59,"column":60}},"25":{"start":{"line":60,"column":16},"end":{"line":60,"column":72}},"26":{"start":{"line":61,"column":2},"end":{"line":74,"column":4}},"27":{"start":{"line":48,"column":13},"end":{"line":48,"column":31}},"28":{"start":{"line":81,"column":2},"end":{"line":92,"column":4}},"29":{"start":{"line":83,"column":26},"end":{"line":83,"column":65}},"30":{"start":{"line":84,"column":6},"end":{"line":88,"column":7}},"31":{"start":{"line":85,"column":8},"end":{"line":85,"column":76}},"32":{"start":{"line":87,"column":8},"end":{"line":87,"column":55}},"33":{"start":{"line":89,"column":6},"end":{"line":89,"column":17}}},"fnMap":{"0":{"name":"(anonymous_6)","decl":{"start":{"line":16,"column":30},"end":{"line":16,"column":67}},"loc":{"start":{"line":16,"column":69},"end":{"line":22,"column":1}}},"1":{"name":"(anonymous_7)","decl":{"start":{"line":24,"column":27},"end":{"line":24,"column":30}},"loc":{"start":{"line":24,"column":32},"end":{"line":46,"column":1}}},"2":{"name":"(anonymous_8)","decl":{"start":{"line":30,"column":4},"end":{"line":30,"column":5}},"loc":{"start":{"line":30,"column":41},"end":{"line":39,"column":5}}},"3":{"name":"(anonymous_9)","decl":{"start":{"line":42,"column":35},"end":{"line":42,"column":38}},"loc":{"start":{"line":42,"column":40},"end":{"line":44,"column":3}}},"4":{"name":"(anonymous_10)","decl":{"start":{"line":48,"column":31},"end":{"line":48,"column":32}},"loc":{"start":{"line":55,"column":6},"end":{"line":75,"column":1}}},"5":{"name":"toCssVars","decl":{"start":{"line":77,"column":16},"end":{"line":77,"column":25}},"loc":{"start":{"line":79,"column":25},"end":{"line":93,"column":1}}},"6":{"name":"(anonymous_12)","decl":{"start":{"line":82,"column":4},"end":{"line":82,"column":5}},"loc":{"start":{"line":82,"column":17},"end":{"line":90,"column":5}}}},"branchMap":{"0":{"loc":{"start":{"line":18,"column":2},"end":{"line":20,"column":3}},"type":"if","locations":[{"start":{"line":18,"column":2},"end":{"line":20,"column":3}}]},"1":{"loc":{"start":{"line":26,"column":2},"end":{"line":28,"column":3}},"type":"if","locations":[{"start":{"line":26,"column":2},"end":{"line":28,"column":3}}]},"2":{"loc":{"start":{"line":31,"column":6},"end":{"line":38,"column":7}},"type":"if","locations":[{"start":{"line":31,"column":6},"end":{"line":38,"column":7}},{"start":{"line":36,"column":13},"end":{"line":38,"column":7}}]},"3":{"loc":{"start":{"line":35,"column":25},"end":{"line":35,"column":55}},"type":"cond-expr","locations":[{"start":{"line":35,"column":39},"end":{"line":35,"column":45}},{"start":{"line":35,"column":48},"end":{"line":35,"column":55}}]},"4":{"loc":{"start":{"line":43,"column":13},"end":{"line":43,"column":56}},"type":"cond-expr","locations":[{"start":{"line":43,"column":40},"end":{"line":43,"column":47}},{"start":{"line":43,"column":50},"end":{"line":43,"column":56}}]},"5":{"loc":{"start":{"line":59,"column":4},"end":{"line":59,"column":60}},"type":"binary-expr","locations":[{"start":{"line":59,"column":4},"end":{"line":59,"column":17}},{"start":{"line":59,"column":21},"end":{"line":59,"column":60}}]},"6":{"loc":{"start":{"line":79,"column":2},"end":{"line":79,"column":25}},"type":"default-arg","locations":[{"start":{"line":79,"column":22},"end":{"line":79,"column":25}}]},"7":{"loc":{"start":{"line":83,"column":26},"end":{"line":83,"column":65}},"type":"cond-expr","locations":[{"start":{"line":83,"column":38},"end":{"line":83,"column":59}},{"start":{"line":83,"column":62},"end":{"line":83,"column":65}}]},"8":{"loc":{"start":{"line":84,"column":6},"end":{"line":88,"column":7}},"type":"if","locations":[{"start":{"line":84,"column":6},"end":{"line":88,"column":7}},{"start":{"line":86,"column":13},"end":{"line":88,"column":7}}]}},"s":{"0":1,"1":1,"2":1,"3":1,"4":3,"5":3,"6":0,"7":3,"8":1,"9":1,"10":2,"11":2,"12":0,"13":2,"14":1,"15":0,"16":0,"17":1,"18":2,"19":0,"20":2,"21":1,"22":1,"23":3,"24":3,"25":3,"26":3,"27":1,"28":10,"29":15,"30":15,"31":6,"32":9,"33":15},"f":{"0":3,"1":2,"2":1,"3":0,"4":3,"5":10,"6":15},"b":{"0":[0],"1":[0],"2":[0,1],"3":[0,0],"4":[0,0],"5":[3,0],"6":[4],"7":[15,0],"8":[6,9]}}
}
