{"/home/joey/opt/css-vars/src/CssVars.tsx": {"path":"/home/joey/opt/css-vars/src/CssVars.tsx","statementMap":{"0":{"start":{"line":74,"column":0},"end":{"line":74,"column":16}},"1":{"start":{"line":1,"column":0},"end":{"line":1,"column":31}},"2":{"start":{"line":14,"column":23},"end":{"line":14,"column":68}},"3":{"start":{"line":16,"column":30},"end":{"line":22,"column":1}},"4":{"start":{"line":17,"column":18},"end":{"line":17,"column":50}},"5":{"start":{"line":18,"column":2},"end":{"line":20,"column":3}},"6":{"start":{"line":19,"column":4},"end":{"line":19,"column":76}},"7":{"start":{"line":21,"column":2},"end":{"line":21,"column":32}},"8":{"start":{"line":16,"column":13},"end":{"line":16,"column":30}},"9":{"start":{"line":24,"column":28},"end":{"line":43,"column":1}},"10":{"start":{"line":25,"column":18},"end":{"line":25,"column":50}},"11":{"start":{"line":26,"column":2},"end":{"line":28,"column":3}},"12":{"start":{"line":27,"column":4},"end":{"line":27,"column":74}},"13":{"start":{"line":29,"column":18},"end":{"line":40,"column":null}},"14":{"start":{"line":31,"column":6},"end":{"line":38,"column":7}},"15":{"start":{"line":32,"column":28},"end":{"line":34,"column":17}},"16":{"start":{"line":35,"column":8},"end":{"line":35,"column":56}},"17":{"start":{"line":37,"column":8},"end":{"line":37,"column":30}},"18":{"start":{"line":42,"column":2},"end":{"line":42,"column":41}},"19":{"start":{"line":24,"column":13},"end":{"line":24,"column":28}},"20":{"start":{"line":45,"column":31},"end":{"line":72,"column":1}},"21":{"start":{"line":54,"column":26},"end":{"line":54,"column":71}},"22":{"start":{"line":56,"column":4},"end":{"line":56,"column":55}},"23":{"start":{"line":57,"column":16},"end":{"line":57,"column":69}},"24":{"start":{"line":58,"column":2},"end":{"line":71,"column":4}},"25":{"start":{"line":45,"column":13},"end":{"line":45,"column":31}},"26":{"start":{"line":78,"column":2},"end":{"line":89,"column":4}},"27":{"start":{"line":80,"column":26},"end":{"line":80,"column":65}},"28":{"start":{"line":81,"column":6},"end":{"line":85,"column":7}},"29":{"start":{"line":82,"column":8},"end":{"line":82,"column":76}},"30":{"start":{"line":84,"column":8},"end":{"line":84,"column":55}},"31":{"start":{"line":86,"column":6},"end":{"line":86,"column":17}}},"fnMap":{"0":{"name":"(anonymous_6)","decl":{"start":{"line":16,"column":30},"end":{"line":16,"column":67}},"loc":{"start":{"line":16,"column":69},"end":{"line":22,"column":1}}},"1":{"name":"(anonymous_7)","decl":{"start":{"line":24,"column":28},"end":{"line":24,"column":31}},"loc":{"start":{"line":24,"column":33},"end":{"line":43,"column":1}}},"2":{"name":"(anonymous_8)","decl":{"start":{"line":30,"column":4},"end":{"line":30,"column":5}},"loc":{"start":{"line":30,"column":40},"end":{"line":39,"column":5}}},"3":{"name":"(anonymous_9)","decl":{"start":{"line":45,"column":31},"end":{"line":45,"column":32}},"loc":{"start":{"line":52,"column":6},"end":{"line":72,"column":1}}},"4":{"name":"toCssVars","decl":{"start":{"line":74,"column":16},"end":{"line":74,"column":25}},"loc":{"start":{"line":76,"column":25},"end":{"line":90,"column":1}}},"5":{"name":"(anonymous_11)","decl":{"start":{"line":79,"column":4},"end":{"line":79,"column":5}},"loc":{"start":{"line":79,"column":17},"end":{"line":87,"column":5}}}},"branchMap":{"0":{"loc":{"start":{"line":18,"column":2},"end":{"line":20,"column":3}},"type":"if","locations":[{"start":{"line":18,"column":2},"end":{"line":20,"column":3}}]},"1":{"loc":{"start":{"line":26,"column":2},"end":{"line":28,"column":3}},"type":"if","locations":[{"start":{"line":26,"column":2},"end":{"line":28,"column":3}}]},"2":{"loc":{"start":{"line":31,"column":6},"end":{"line":38,"column":7}},"type":"if","locations":[{"start":{"line":31,"column":6},"end":{"line":38,"column":7}},{"start":{"line":36,"column":13},"end":{"line":38,"column":7}}]},"3":{"loc":{"start":{"line":35,"column":24},"end":{"line":35,"column":54}},"type":"cond-expr","locations":[{"start":{"line":35,"column":38},"end":{"line":35,"column":44}},{"start":{"line":35,"column":47},"end":{"line":35,"column":54}}]},"4":{"loc":{"start":{"line":56,"column":4},"end":{"line":56,"column":55}},"type":"binary-expr","locations":[{"start":{"line":56,"column":4},"end":{"line":56,"column":15}},{"start":{"line":56,"column":19},"end":{"line":56,"column":55}}]},"5":{"loc":{"start":{"line":76,"column":2},"end":{"line":76,"column":25}},"type":"default-arg","locations":[{"start":{"line":76,"column":22},"end":{"line":76,"column":25}}]},"6":{"loc":{"start":{"line":80,"column":26},"end":{"line":80,"column":65}},"type":"cond-expr","locations":[{"start":{"line":80,"column":38},"end":{"line":80,"column":59}},{"start":{"line":80,"column":62},"end":{"line":80,"column":65}}]},"7":{"loc":{"start":{"line":81,"column":6},"end":{"line":85,"column":7}},"type":"if","locations":[{"start":{"line":81,"column":6},"end":{"line":85,"column":7}},{"start":{"line":83,"column":13},"end":{"line":85,"column":7}}]}},"s":{"0":1,"1":1,"2":1,"3":1,"4":3,"5":3,"6":0,"7":3,"8":1,"9":1,"10":2,"11":2,"12":0,"13":2,"14":1,"15":0,"16":0,"17":1,"18":2,"19":1,"20":1,"21":3,"22":3,"23":3,"24":3,"25":1,"26":10,"27":15,"28":15,"29":6,"30":9,"31":15},"f":{"0":3,"1":2,"2":1,"3":3,"4":10,"5":15},"b":{"0":[0],"1":[0],"2":[0,1],"3":[0,0],"4":[3,0],"5":[4],"6":[15,0],"7":[6,9]}}
}
