TN:
SF:src/CssVars.tsx
FN:16,(anonymous_6)
FN:24,(anonymous_7)
FN:30,(anonymous_8)
FN:45,(anonymous_9)
FN:74,toCssVars
FN:79,(anonymous_11)
FNF:6
FNH:6
FNDA:3,(anonymous_6)
FNDA:2,(anonymous_7)
FNDA:1,(anonymous_8)
FNDA:3,(anonymous_9)
FNDA:10,toCssVars
FNDA:15,(anonymous_11)
DA:1,1
DA:14,1
DA:16,1
DA:17,3
DA:18,3
DA:19,0
DA:21,3
DA:24,1
DA:25,2
DA:26,2
DA:27,0
DA:29,2
DA:31,1
DA:32,0
DA:35,0
DA:37,1
DA:42,2
DA:45,1
DA:54,3
DA:56,3
DA:57,3
DA:58,3
DA:74,1
DA:78,10
DA:80,15
DA:81,15
DA:82,6
DA:84,9
DA:86,15
LF:29
LH:25
BRDA:18,0,0,0
BRDA:26,1,0,0
BRDA:31,2,0,0
BRDA:31,2,1,1
BRDA:35,3,0,0
BRDA:35,3,1,0
BRDA:56,4,0,3
BRDA:56,4,1,0
BRDA:76,5,0,4
BRDA:80,6,0,15
BRDA:80,6,1,0
BRDA:81,7,0,6
BRDA:81,7,1,9
BRF:13
BRH:6
end_of_record
