TN:
SF:css-vars-design-token.tsx
FN:16,(anonymous_6)
FN:24,(anonymous_7)
FN:30,(anonymous_8)
FN:42,(anonymous_9)
FN:48,(anonymous_10)
FN:77,toCssVars
FN:82,(anonymous_12)
FNF:7
FNH:6
FNDA:3,(anonymous_6)
FNDA:2,(anonymous_7)
FNDA:1,(anonymous_8)
FNDA:0,(anonymous_9)
FNDA:3,(anonymous_10)
FNDA:10,toCssVars
FNDA:15,(anonymous_12)
DA:1,1
DA:14,1
DA:16,1
DA:17,3
DA:18,3
DA:19,0
DA:21,3
DA:24,1
DA:25,2
DA:26,2
DA:27,0
DA:29,2
DA:31,1
DA:32,0
DA:35,0
DA:37,1
DA:42,2
DA:43,0
DA:45,2
DA:48,1
DA:57,3
DA:59,3
DA:60,3
DA:61,3
DA:77,1
DA:81,10
DA:83,15
DA:84,15
DA:85,6
DA:87,9
DA:89,15
LF:31
LH:26
BRDA:18,0,0,0
BRDA:26,1,0,0
BRDA:31,2,0,0
BRDA:31,2,1,1
BRDA:35,3,0,0
BRDA:35,3,1,0
BRDA:43,4,0,0
BRDA:43,4,1,0
BRDA:59,5,0,3
BRDA:59,5,1,0
BRDA:79,6,0,4
BRDA:83,7,0,15
BRDA:83,7,1,0
BRDA:84,8,0,6
BRDA:84,8,1,9
BRF:15
BRH:6
end_of_record
